<?xml version="1.0" encoding="UTF-8"?>
<testsuite xmlns:xsi="http://www.w3.org/2001/XMLSchema-instance" xsi:noNamespaceSchemaLocation="https://maven.apache.org/surefire/maven-surefire-plugin/xsd/surefire-test-report-3.0.xsd" version="3.0" name="TypeTest" time="0.047" tests="8" errors="0" skipped="0" failures="0">
  <properties>
[...]
</properties>
  <testcase name="functionTypeTest1" classname="TypeTest" time="0.002"/>
  <testcase name="functionTypeTest2" classname="TypeTest" time="0.007"/>
  <testcase name="functionTypeTest3" classname="TypeTest" time="0"/>
  <testcase name="arrayTypeTest1" classname="TypeTest" time="0"/>
  <testcase name="arrayTypeTest2" classname="TypeTest" time="0"/>
  <testcase name="arrayTypeTest3" classname="TypeTest" time="0"/>
  <testcase name="arrayTypeTest4" classname="TypeTest" time="0"/>
  <testcase name="pointerTypeTest1" classname="TypeTest" time="0.001"/>
</testsuite>