<?xml version="1.0" encoding="UTF-8" ?>
<testsuite tests="8" failures="0" name="TypeTest" time="0.024" errors="0" skipped="0">
  <properties>
[...]
</properties>
  <testcase classname="TypeTest" name="functionTypeTest1" time="0.003"/>
  <testcase classname="TypeTest" name="functionTypeTest2" time="0.015"/>
  <testcase classname="TypeTest" name="functionTypeTest3" time="0"/>
  <testcase classname="TypeTest" name="arrayTypeTest1" time="0"/>
  <testcase classname="TypeTest" name="arrayTypeTest2" time="0.001"/>
  <testcase classname="TypeTest" name="arrayTypeTest3" time="0"/>
  <testcase classname="TypeTest" name="arrayTypeTest4" time="0"/>
  <testcase classname="TypeTest" name="pointerTypeTest1" time="0.005"/>
</testsuite>